nohup: ignoring input
Requirement already satisfied: pip in ./.venv/lib/python3.12/site-packages (25.3)
Requirement already satisfied: fastapi in ./.venv/lib/python3.12/site-packages (from -r requirements.txt (line 1)) (0.121.2)
Requirement already satisfied: uvicorn[standard] in ./.venv/lib/python3.12/site-packages (from -r requirements.txt (line 2)) (0.38.0)
Requirement already satisfied: starlette<0.50.0,>=0.40.0 in ./.venv/lib/python3.12/site-packages (from fastapi->-r requirements.txt (line 1)) (0.49.3)
Requirement already satisfied: pydantic!=1.8,!=1.8.1,!=2.0.0,!=2.0.1,!=2.1.0,<3.0.0,>=1.7.4 in ./.venv/lib/python3.12/site-packages (from fastapi->-r requirements.txt (line 1)) (2.12.4)
Requirement already satisfied: typing-extensions>=4.8.0 in ./.venv/lib/python3.12/site-packages (from fastapi->-r requirements.txt (line 1)) (4.15.0)
Requirement already satisfied: annotated-doc>=0.0.2 in ./.venv/lib/python3.12/site-packages (from fastapi->-r requirements.txt (line 1)) (0.0.4)
Requirement already satisfied: annotated-types>=0.6.0 in ./.venv/lib/python3.12/site-packages (from pydantic!=1.8,!=1.8.1,!=2.0.0,!=2.0.1,!=2.1.0,<3.0.0,>=1.7.4->fastapi->-r requirements.txt (line 1)) (0.7.0)
Requirement already satisfied: pydantic-core==2.41.5 in ./.venv/lib/python3.12/site-packages (from pydantic!=1.8,!=1.8.1,!=2.0.0,!=2.0.1,!=2.1.0,<3.0.0,>=1.7.4->fastapi->-r requirements.txt (line 1)) (2.41.5)
Requirement already satisfied: typing-inspection>=0.4.2 in ./.venv/lib/python3.12/site-packages (from pydantic!=1.8,!=1.8.1,!=2.0.0,!=2.0.1,!=2.1.0,<3.0.0,>=1.7.4->fastapi->-r requirements.txt (line 1)) (0.4.2)
Requirement already satisfied: anyio<5,>=3.6.2 in ./.venv/lib/python3.12/site-packages (from starlette<0.50.0,>=0.40.0->fastapi->-r requirements.txt (line 1)) (4.11.0)
Requirement already satisfied: idna>=2.8 in ./.venv/lib/python3.12/site-packages (from anyio<5,>=3.6.2->starlette<0.50.0,>=0.40.0->fastapi->-r requirements.txt (line 1)) (3.11)
Requirement already satisfied: sniffio>=1.1 in ./.venv/lib/python3.12/site-packages (from anyio<5,>=3.6.2->starlette<0.50.0,>=0.40.0->fastapi->-r requirements.txt (line 1)) (1.3.1)
Requirement already satisfied: click>=7.0 in ./.venv/lib/python3.12/site-packages (from uvicorn[standard]->-r requirements.txt (line 2)) (8.3.1)
Requirement already satisfied: h11>=0.8 in ./.venv/lib/python3.12/site-packages (from uvicorn[standard]->-r requirements.txt (line 2)) (0.16.0)
Requirement already satisfied: httptools>=0.6.3 in ./.venv/lib/python3.12/site-packages (from uvicorn[standard]->-r requirements.txt (line 2)) (0.7.1)
Requirement already satisfied: python-dotenv>=0.13 in ./.venv/lib/python3.12/site-packages (from uvicorn[standard]->-r requirements.txt (line 2)) (1.2.1)
Requirement already satisfied: pyyaml>=5.1 in ./.venv/lib/python3.12/site-packages (from uvicorn[standard]->-r requirements.txt (line 2)) (6.0.3)
Requirement already satisfied: uvloop>=0.15.1 in ./.venv/lib/python3.12/site-packages (from uvicorn[standard]->-r requirements.txt (line 2)) (0.22.1)
Requirement already satisfied: watchfiles>=0.13 in ./.venv/lib/python3.12/site-packages (from uvicorn[standard]->-r requirements.txt (line 2)) (1.1.1)
Requirement already satisfied: websockets>=10.4 in ./.venv/lib/python3.12/site-packages (from uvicorn[standard]->-r requirements.txt (line 2)) (15.0.1)
INFO:     Will watch for changes in these directories: ['/workspaces/autops-mvp/pwa-app/backend']
INFO:     Uvicorn running on http://0.0.0.0:8002 (Press CTRL+C to quit)
INFO:     Started reloader process [4170] using WatchFiles
INFO:     Started server process [4397]
INFO:     Waiting for application startup.
INFO:     Application startup complete.
INFO:     Shutting down
INFO:     Waiting for application shutdown.
INFO:     Application shutdown complete.
INFO:     Finished server process [4397]
INFO:     Stopping reloader process [4170]
